KeypadMapper3/proguard.cfg
-optimizationpasses 5
-dontusemixedcaseclassnames
-dontskipnonpubliclibraryclasses
-dontpreverify
-verbose
-optimizations !code/simplification/arithmetic,!field/*,!class/merging/*

-keep public class * extends android.app.Activity
-keep public class * extends android.app.Application
-keep public class * extends android.app.Service
-keep public class * extends android.content.BroadcastReceiver
-keep public class * extends android.content.ContentProvider
-keep public class * extends android.app.backup.BackupAgentHelper
-keep public class * extends android.preference.Preference
-keep public class com.android.vending.licensing.ILicensingService

-keepclasseswithmembernames class * {
    native <methods>;
}

-keepclasseswithmembers class * {
    public <init>(android.content.Context, android.util.AttributeSet);
}

-keepclasseswithmembers class * {
    public <init>(android.content.Context, android.util.AttributeSet, int);
}

-keepclassmembers class * extends android.app.Activity {
   public void *(android.view.View);
}

-keepclassmembers enum * {
    public static **[] values();
    public static ** valueOf(java.lang.String);
}

-keep class * implements android.os.Parcelable {
  public static final android.os.Parcelable$Creator *;
}

-dontwarn android.support.v4.**

#opencellidlibrary
-dontwarn org.apache.**

#Actionbarsherlock
-keep class android.support.v4.app.** { *; }
-keep interface android.support.v4.app.** { *; }
-keep class com.actionbarsherlock.** { *; }
-keep interface com.actionbarsherlock.** { *; }

-keepattributes *Annotation*

-keepclassmembers class **.R$* {
    public static <fields>;
}

# If you are compiling a PRODUCTION version of Keypad Mapper,
# then you should UNCOMMENT lines below.
# If uncommented, all Log.d(), Log.e(), etc. (except Log.e()) entries will NOT
# show up in LogCat because such entries will be stripped out.
-assumenosideeffects class android.util.Log {
    public static *** d(...);
    public static *** v(...);
    public static *** w(...);
    public static *** i(...);
}