KeypadMapper3/proguard/seeds.txt
de.enaikoon.android.keypadmapper3.ExceptionActivity
de.enaikoon.android.keypadmapper3.ExceptionActivity: ExceptionActivity()
de.enaikoon.android.keypadmapper3.HelpActivity
de.enaikoon.android.keypadmapper3.HelpActivity: HelpActivity()
de.enaikoon.android.keypadmapper3.KeypadMapperApplication
de.enaikoon.android.keypadmapper3.KeypadMapperApplication: KeypadMapperApplication()
de.enaikoon.android.keypadmapper3.R$array: int bugreport_persons
de.enaikoon.android.keypadmapper3.R$array: int options_bugreport_keys
de.enaikoon.android.keypadmapper3.R$array: int prefsDataDistanceEntries
de.enaikoon.android.keypadmapper3.R$array: int prefsDataDistanceValues
de.enaikoon.android.keypadmapper3.R$attr: int actionBarDivider
de.enaikoon.android.keypadmapper3.R$attr: int actionBarItemBackground
de.enaikoon.android.keypadmapper3.R$attr: int actionBarSize
de.enaikoon.android.keypadmapper3.R$attr: int actionBarSplitStyle
de.enaikoon.android.keypadmapper3.R$attr: int actionBarStyle
de.enaikoon.android.keypadmapper3.R$attr: int actionBarTabBarStyle
de.enaikoon.android.keypadmapper3.R$attr: int actionBarTabStyle
de.enaikoon.android.keypadmapper3.R$attr: int actionBarTabTextStyle
de.enaikoon.android.keypadmapper3.R$attr: int actionBarWidgetTheme
de.enaikoon.android.keypadmapper3.R$attr: int actionButtonStyle
de.enaikoon.android.keypadmapper3.R$attr: int actionDropDownStyle
de.enaikoon.android.keypadmapper3.R$attr: int actionMenuTextAppearance
de.enaikoon.android.keypadmapper3.R$attr: int actionMenuTextColor
de.enaikoon.android.keypadmapper3.R$attr: int actionModeBackground
de.enaikoon.android.keypadmapper3.R$attr: int actionModeCloseButtonStyle
de.enaikoon.android.keypadmapper3.R$attr: int actionModeCloseDrawable
de.enaikoon.android.keypadmapper3.R$attr: int actionModePopupWindowStyle
de.enaikoon.android.keypadmapper3.R$attr: int actionModeShareDrawable
de.enaikoon.android.keypadmapper3.R$attr: int actionModeSplitBackground
de.enaikoon.android.keypadmapper3.R$attr: int actionModeStyle
de.enaikoon.android.keypadmapper3.R$attr: int actionOverflowButtonStyle
de.enaikoon.android.keypadmapper3.R$bool: int abs__action_bar_embed_tabs
de.enaikoon.android.keypadmapper3.R$bool: int abs__action_bar_expanded_action_views_exclusive
de.enaikoon.android.keypadmapper3.R$bool: int abs__config_actionMenuItemAllCaps
de.enaikoon.android.keypadmapper3.R$bool: int abs__config_allowActionMenuItemTextWithIcon
de.enaikoon.android.keypadmapper3.R$bool: int abs__config_showMenuShortcutsWhenKeyboardPresent
de.enaikoon.android.keypadmapper3.R$bool: int abs__split_action_bar_is_narrow
de.enaikoon.android.keypadmapper3.R$bool: int is_720dp_tablet
de.enaikoon.android.keypadmapper3.R$bool: int is_tablet
...
android.support.v4.app.NavUtils
android.support.v4.app.NavUtils: java.lang.String TAG
android.support.v4.app.NavUtils: java.lang.String PARENT_ACTIVITY
android.support.v4.app.NavUtils: android.support.v4.app.NavUtils$NavUtilsImpl IMPL
android.support.v4.app.NavUtils: boolean shouldUpRecreateTask(android.app.Activity,android.content.Intent)
android.support.v4.app.NavUtils: void navigateUpFromSameTask(android.app.Activity)
android.support.v4.app.NavUtils: void navigateUpTo(android.app.Activity,android.content.Intent)
android.support.v4.app.NavUtils: android.content.Intent getParentActivityIntent(android.app.Activity)
android.support.v4.app.NavUtils: android.content.Intent getParentActivityIntent(android.content.Context,java.lang.Class)
android.support.v4.app.NavUtils: android.content.Intent getParentActivityIntent(android.content.Context,android.content.ComponentName)
android.support.v4.app.NavUtils: java.lang.String getParentActivityName(android.app.Activity)
android.support.v4.app.NavUtils: java.lang.String getParentActivityName(android.content.Context,android.content.ComponentName)
android.support.v4.app.NavUtils: NavUtils()
android.support.v4.app.NavUtils: void <clinit>()
android.support.v4.app.NavUtils$NavUtilsImpl
android.support.v4.app.NavUtils$NavUtilsImpl: android.content.Intent getParentActivityIntent(android.app.Activity)
android.support.v4.app.NavUtils$NavUtilsImpl: boolean shouldUpRecreateTask(android.app.Activity,android.content.Intent)
android.support.v4.app.NavUtils$NavUtilsImpl: void navigateUpTo(android.app.Activity,android.content.Intent)
android.support.v4.app.NavUtils$NavUtilsImpl: java.lang.String getParentActivityName(android.content.Context,android.content.pm.ActivityInfo)
android.support.v4.app.NavUtils$NavUtilsImplBase
android.support.v4.app.NavUtils$NavUtilsImplBase: NavUtils$NavUtilsImplBase()
android.support.v4.app.NavUtils$NavUtilsImplBase: android.content.Intent getParentActivityIntent(android.app.Activity)
android.support.v4.app.NavUtils$NavUtilsImplBase: boolean shouldUpRecreateTask(android.app.Activity,android.content.Intent)
android.support.v4.app.NavUtils$NavUtilsImplBase: void navigateUpTo(android.app.Activity,android.content.Intent)
android.support.v4.app.NavUtils$NavUtilsImplBase: java.lang.String getParentActivityName(android.content.Context,android.content.pm.ActivityInfo)
android.support.v4.app.NavUtils$NavUtilsImplJB
android.support.v4.app.NavUtils$NavUtilsImplJB: NavUtils$NavUtilsImplJB()
android.support.v4.app.NavUtils$NavUtilsImplJB: android.content.Intent getParentActivityIntent(android.app.Activity)
android.support.v4.app.NavUtils$NavUtilsImplJB: boolean shouldUpRecreateTask(android.app.Activity,android.content.Intent)
android.support.v4.app.NavUtils$NavUtilsImplJB: void navigateUpTo(android.app.Activity,android.content.Intent)
android.support.v4.app.NavUtils$NavUtilsImplJB: java.lang.String getParentActivityName(android.content.Context,android.content.pm.ActivityInfo)
android.support.v4.app.NavUtilsJB
android.support.v4.app.NavUtilsJB: NavUtilsJB()
android.support.v4.app.NavUtilsJB: android.content.Intent getParentActivityIntent(android.app.Activity)
android.support.v4.app.NavUtilsJB: boolean shouldUpRecreateTask(android.app.Activity,android.content.Intent)
android.support.v4.app.NavUtilsJB: void navigateUpTo(android.app.Activity,android.content.Intent)
android.support.v4.app.NavUtilsJB: java.lang.String getParentActivityName(android.content.pm.ActivityInfo)
android.support.v4.app.NoSaveStateFrameLayout
android.support.v4.app.NoSaveStateFrameLayout: android.view.ViewGroup wrap(android.view.View)
android.support.v4.app.NoSaveStateFrameLayout: NoSaveStateFrameLayout(android.content.Context)
android.support.v4.app.NoSaveStateFrameLayout: void dispatchSaveInstanceState(android.util.SparseArray)
android.support.v4.app.NoSaveStateFrameLayout: void dispatchRestoreInstanceState(android.util.SparseArray)