KeypadMapper3/proguard/mapping.txt
de.enaikoon.android.keypadmapper3.CustomExceptionHandler -> de.enaikoon.android.keypadmapper3.a:
    java.lang.Thread$UncaughtExceptionHandler defaultUEH -> b
    android.content.Context context -> a
    void sendEmail(java.lang.String,android.content.Context) -> a
    java.lang.String logConfigParams(java.lang.Boolean) -> a
    java.lang.String getAppVersion(android.content.Context) -> a
    void uncaughtException(java.lang.Thread,java.lang.Throwable) -> uncaughtException
de.enaikoon.android.keypadmapper3.ExceptionActivity -> de.enaikoon.android.keypadmapper3.ExceptionActivity:
    void onCreate(android.os.Bundle) -> onCreate
de.enaikoon.android.keypadmapper3.ExceptionActivity$1 -> de.enaikoon.android.keypadmapper3.b:
    de.enaikoon.android.keypadmapper3.ExceptionActivity this$0 -> a
    android.os.Bundle val$extras -> b
    void onClick(android.content.DialogInterface,int) -> onClick
de.enaikoon.android.keypadmapper3.ExceptionActivity$2 -> de.enaikoon.android.keypadmapper3.c:
    de.enaikoon.android.keypadmapper3.ExceptionActivity this$0 -> a
    void onClick(android.content.DialogInterface,int) -> onClick
de.enaikoon.android.keypadmapper3.ExceptionActivity$3 -> de.enaikoon.android.keypadmapper3.d:
    de.enaikoon.android.keypadmapper3.ExceptionActivity this$0 -> a
    void onClick(android.content.DialogInterface,int) -> onClick
de.enaikoon.android.keypadmapper3.HelpActivity -> de.enaikoon.android.keypadmapper3.HelpActivity:
    void onCreate(android.os.Bundle) -> onCreate
    void onPause() -> onPause
de.enaikoon.android.keypadmapper3.KeypadMapperApplication -> de.enaikoon.android.keypadmapper3.KeypadMapperApplication:
    de.enaikoon.android.library.resources.locale.Localizer localizer -> b
    java.lang.String cachedStreetFromNominatin -> c
    java.lang.String cachedPostCodeFromNominatin -> d
    java.lang.String osmInfoName -> e
    de.enaikoon.android.keypadmapper3.location.LocationProvider locationProvider -> f
    de.enaikoon.android.keypadmapper3.KeypadMapperApplication instance -> g
    java.io.File lastPhotoFile -> h
    de.enaikoon.android.keypadmapper3.settings.KeypadMapperSettings settings -> i
    boolean extendedEditorEnabled -> j
    de.enaikoon.android.keypadmapper3.domain.Mapper mapper -> k
    java.lang.String screenToActivate -> l
    de.enaikoon.android.inviu.opencellidlibrary.CellIDCollectionService cellIdService -> m
    java.lang.String TAG -> n
    android.content.ServiceConnection cellidServiceConn -> o
    java.io.FileFilter onlyFilesFilter -> a
    boolean testVersion -> p
    android.media.AudioRecord ar -> q
    int RECORDING_NOTIF_ID -> r
    de.enaikoon.android.keypadmapper3.KeypadMapperApplication getInstance() -> a
    java.lang.String getCachedPostCodeFromNominatin() -> b
    java.lang.String getCachedStreetFromNominatin() -> c
    java.io.File getKeypadMapperDirectory() -> d
    java.io.File getLastPhotoFile() -> e
    de.enaikoon.android.library.resources.locale.Localizer getLocalizer() -> f
de.enaikoon.android.keypadmapper3.KeypadMapperApplication$1 -> de.enaikoon.android.keypadmapper3.e:
    de.enaikoon.android.keypadmapper3.KeypadMapperApplication this$0 -> a
    boolean accept(java.io.File) -> accept
de.enaikoon.android.keypadmapper3.KeypadMapperApplication$2 -> de.enaikoon.android.keypadmapper3.f:
    de.enaikoon.android.keypadmapper3.KeypadMapperApplication this$0 -> a
    java.lang.String getLocale() -> a
de.enaikoon.android.keypadmapper3.KeypadMapperApplication$3 -> de.enaikoon.android.keypadmapper3.g:
    de.enaikoon.android.keypadmapper3.KeypadMapperApplication this$0 -> a
    void onServiceConnected(android.content.ComponentName,android.os.IBinder) -> onServiceConnected
    void onServiceDisconnected(android.content.ComponentName) -> onServiceDisconnected
de.enaikoon.android.keypadmapper3.LocationNotAvailableException -> de.enaikoon.android.keypadmapper3.h:
...
com.actionbarsherlock.R$style -> com.actionbarsherlock.R$style:
    int DialogWindowTitle_Sherlock -> DialogWindowTitle_Sherlock
    int DialogWindowTitle_Sherlock_Light -> DialogWindowTitle_Sherlock_Light
    int Sherlock___TextAppearance_Small -> Sherlock___TextAppearance_Small
    int Sherlock___Theme -> Sherlock___Theme
    int Sherlock___Theme_DarkActionBar -> Sherlock___Theme_DarkActionBar
    int Sherlock___Theme_Dialog -> Sherlock___Theme_Dialog
    int Sherlock___Theme_Light -> Sherlock___Theme_Light
    int Sherlock___Widget_ActionBar -> Sherlock___Widget_ActionBar
    int Sherlock___Widget_ActionMode -> Sherlock___Widget_ActionMode
    int Sherlock___Widget_ActivityChooserView -> Sherlock___Widget_ActivityChooserView
    int Sherlock___Widget_Holo_DropDownItem -> Sherlock___Widget_Holo_DropDownItem
    int Sherlock___Widget_Holo_ListView -> Sherlock___Widget_Holo_ListView
    int Sherlock___Widget_Holo_Spinner -> Sherlock___Widget_Holo_Spinner
    int Sherlock___Widget_SearchAutoCompleteTextView -> Sherlock___Widget_SearchAutoCompleteTextView
    int TextAppearance_Sherlock_DialogWindowTitle -> TextAppearance_Sherlock_DialogWindowTitle
    int TextAppearance_Sherlock_Light_DialogWindowTitle -> TextAppearance_Sherlock_Light_DialogWindowTitle
    int TextAppearance_Sherlock_Light_Small -> TextAppearance_Sherlock_Light_Small
    int TextAppearance_Sherlock_Light_Widget_PopupMenu_Large -> TextAppearance_Sherlock_Light_Widget_PopupMenu_Large
com.actionbarsherlock.R$styleable -> com.actionbarsherlock.R$styleable:
    int[] SherlockActionBar -> SherlockActionBar
    int SherlockActionBar_background -> SherlockActionBar_background
    int SherlockActionBar_backgroundSplit -> SherlockActionBar_backgroundSplit
    int SherlockActionBar_backgroundStacked -> SherlockActionBar_backgroundStacked
    int SherlockActionBar_customNavigationLayout -> SherlockActionBar_customNavigationLayout
    int SherlockActionBar_displayOptions -> SherlockActionBar_displayOptions
    int SherlockActionBar_divider -> SherlockActionBar_divider
    int SherlockActionBar_height -> SherlockActionBar_height
    int SherlockActionBar_homeLayout -> SherlockActionBar_homeLayout
    int SherlockActionBar_icon -> SherlockActionBar_icon
    int SherlockActionBar_indeterminateProgressStyle -> SherlockActionBar_indeterminateProgressStyle
    int SherlockActionBar_itemPadding -> SherlockActionBar_itemPadding
    int SherlockActionBar_logo -> SherlockActionBar_logo
    int SherlockActionBar_navigationMode -> SherlockActionBar_navigationMode
    int SherlockActionBar_progressBarPadding -> SherlockActionBar_progressBarPadding
    int SherlockActionBar_progressBarStyle -> SherlockActionBar_progressBarStyle
    int SherlockActionBar_subtitle -> SherlockActionBar_subtitle
    int SherlockActionBar_subtitleTextStyle -> SherlockActionBar_subtitleTextStyle
    int SherlockActionBar_title -> SherlockActionBar_title